Build started 6/28/2015 10:45:33 AM.
     1>Project "C:\Users\Thanh\documents\visual studio 2010\Projects\Programming Assignment 4\Programming Assignment 4\Programming Assignment 4.vcxproj" on node 2 (build target(s)).
     1>InitializeBuildStatus:
         Creating "Debug\Programming Assignment 4.unsuccessfulbuild" because "AlwaysCreate" was specified.
       ClCompile:
         c:\Program Files (x86)\Microsoft Visual Studio 10.0\VC\bin\CL.exe /c /ZI /nologo /W3 /WX- /Od /Oy- /D WIN32 /D _DEBUG /D _CONSOLE /D _UNICODE /D UNICODE /Gm /EHsc /RTC1 /MDd /GS /fp:precise /Zc:wchar_t /Zc:forScope /Fo"Debug\\" /Fd"Debug\vc100.pdb" /Gd /TP /analyze- /errorReport:prompt Controller.cpp Customer.cpp "Programming Assignment 4.cpp" RentedVideo.cpp Video.cpp VideoStore.cpp
         VideoStore.cpp
     1>c:\users\thanh\documents\visual studio 2010\projects\programming assignment 4\programming assignment 4\videostore.cpp(145): warning C4018: '<' : signed/unsigned mismatch
         Video.cpp
         RentedVideo.cpp
         Programming Assignment 4.cpp
         Customer.cpp
         Controller.cpp
         Generating Code...
       ManifestResourceCompile:
         All outputs are up-to-date.
       Link:
         c:\Program Files (x86)\Microsoft Visual Studio 10.0\VC\bin\link.exe /ERRORREPORT:PROMPT /OUT:"C:\Users\Thanh\documents\visual studio 2010\Projects\Programming Assignment 4\Debug\Programming Assignment 4.exe" /INCREMENTAL /NOLOGO kernel32.lib user32.lib gdi32.lib winspool.lib comdlg32.lib advapi32.lib shell32.lib ole32.lib oleaut32.lib uuid.lib odbc32.lib odbccp32.lib /MANIFEST /ManifestFile:"Debug\Programming Assignment 4.exe.intermediate.manifest" /MANIFESTUAC:"level='asInvoker' uiAccess='false'" /DEBUG /PDB:"C:\Users\Thanh\documents\visual studio 2010\Projects\Programming Assignment 4\Debug\Programming Assignment 4.pdb" /SUBSYSTEM:CONSOLE /TLBID:1 /DYNAMICBASE /NXCOMPAT /IMPLIB:"C:\Users\Thanh\documents\visual studio 2010\Projects\Programming Assignment 4\Debug\Programming Assignment 4.lib" /MACHINE:X86 "Debug\Programming Assignment 4.exe.embed.manifest.res"
         Debug\Controller.obj
         Debug\Customer.obj
         "Debug\Programming Assignment 4.obj"
         Debug\RentedVideo.obj
         Debug\Video.obj
         Debug\VideoStore.obj
         Debug\View.obj
       Manifest:
         C:\Program Files (x86)\Microsoft SDKs\Windows\v7.0A\bin\mt.exe /nologo /verbose /out:"Debug\Programming Assignment 4.exe.embed.manifest" /manifest "Debug\Programming Assignment 4.exe.intermediate.manifest"
         All outputs are up-to-date.
       LinkEmbedManifest:
         All outputs are up-to-date.
         Programming Assignment 4.vcxproj -> C:\Users\Thanh\documents\visual studio 2010\Projects\Programming Assignment 4\Debug\Programming Assignment 4.exe
       FinalizeBuildStatus:
         Deleting file "Debug\Programming Assignment 4.unsuccessfulbuild".
         Touching "Debug\Programming Assignment 4.lastbuildstate".
     1>Done Building Project "C:\Users\Thanh\documents\visual studio 2010\Projects\Programming Assignment 4\Programming Assignment 4\Programming Assignment 4.vcxproj" (build target(s)).

Build succeeded.

Time Elapsed 00:00:06.16
