C:\USERS\THANH\DOCUMENTS\VISUAL STUDIO 2010\PROJECTS\PROGRAMMING ASSIGNMENT 4\DEBUG\PROGRAMMING ASSIGNMENT 4.EXE
C:\USERS\THANH\DOCUMENTS\VISUAL STUDIO 2010\PROJECTS\PROGRAMMING ASSIGNMENT 4\DEBUG\PROGRAMMING ASSIGNMENT 4.ILK
C:\USERS\THANH\DOCUMENTS\VISUAL STUDIO 2010\PROJECTS\PROGRAMMING ASSIGNMENT 4\DEBUG\PROGRAMMING ASSIGNMENT 4.PDB
C:\Users\Thanh\documents\visual studio 2010\Projects\Programming Assignment 4\Programming Assignment 4\Debug\cl.command.1.tlog
C:\Users\Thanh\documents\visual studio 2010\Projects\Programming Assignment 4\Programming Assignment 4\Debug\CL.read.1.tlog
C:\Users\Thanh\documents\visual studio 2010\Projects\Programming Assignment 4\Programming Assignment 4\Debug\CL.write.1.tlog
C:\USERS\THANH\DOCUMENTS\VISUAL STUDIO 2010\PROJECTS\PROGRAMMING ASSIGNMENT 4\PROGRAMMING ASSIGNMENT 4\DEBUG\CONTROLLER.OBJ
C:\USERS\THANH\DOCUMENTS\VISUAL STUDIO 2010\PROJECTS\PROGRAMMING ASSIGNMENT 4\PROGRAMMING ASSIGNMENT 4\DEBUG\CUSTOMER.OBJ
C:\Users\Thanh\documents\visual studio 2010\Projects\Programming Assignment 4\Programming Assignment 4\Debug\link.3968.read.1.tlog
C:\Users\Thanh\documents\visual studio 2010\Projects\Programming Assignment 4\Programming Assignment 4\Debug\link.3968.write.1.tlog
C:\Users\Thanh\documents\visual studio 2010\Projects\Programming Assignment 4\Programming Assignment 4\Debug\link.3968-cvtres.read.1.tlog
C:\Users\Thanh\documents\visual studio 2010\Projects\Programming Assignment 4\Programming Assignment 4\Debug\link.3968-cvtres.write.1.tlog
C:\Users\Thanh\documents\visual studio 2010\Projects\Programming Assignment 4\Programming Assignment 4\Debug\link.5428.read.1.tlog
C:\Users\Thanh\documents\visual studio 2010\Projects\Programming Assignment 4\Programming Assignment 4\Debug\link.5428.write.1.tlog
C:\Users\Thanh\documents\visual studio 2010\Projects\Programming Assignment 4\Programming Assignment 4\Debug\link.5428-cvtres.read.1.tlog
C:\Users\Thanh\documents\visual studio 2010\Projects\Programming Assignment 4\Programming Assignment 4\Debug\link.5428-cvtres.write.1.tlog
C:\Users\Thanh\documents\visual studio 2010\Projects\Programming Assignment 4\Programming Assignment 4\Debug\link.5928.read.1.tlog
C:\Users\Thanh\documents\visual studio 2010\Projects\Programming Assignment 4\Programming Assignment 4\Debug\link.5928.write.1.tlog
C:\Users\Thanh\documents\visual studio 2010\Projects\Programming Assignment 4\Programming Assignment 4\Debug\link.5928-cvtres.read.1.tlog
C:\Users\Thanh\documents\visual studio 2010\Projects\Programming Assignment 4\Programming Assignment 4\Debug\link.5928-cvtres.write.1.tlog
C:\Users\Thanh\documents\visual studio 2010\Projects\Programming Assignment 4\Programming Assignment 4\Debug\link.6864.read.1.tlog
C:\Users\Thanh\documents\visual studio 2010\Projects\Programming Assignment 4\Programming Assignment 4\Debug\link.6864.write.1.tlog
C:\Users\Thanh\documents\visual studio 2010\Projects\Programming Assignment 4\Programming Assignment 4\Debug\link.6864-cvtres.read.1.tlog
C:\Users\Thanh\documents\visual studio 2010\Projects\Programming Assignment 4\Programming Assignment 4\Debug\link.6864-cvtres.write.1.tlog
C:\Users\Thanh\documents\visual studio 2010\Projects\Programming Assignment 4\Programming Assignment 4\Debug\link.command.1.tlog
C:\Users\Thanh\documents\visual studio 2010\Projects\Programming Assignment 4\Programming Assignment 4\Debug\link.read.1.tlog
C:\Users\Thanh\documents\visual studio 2010\Projects\Programming Assignment 4\Programming Assignment 4\Debug\link.write.1.tlog
C:\Users\Thanh\documents\visual studio 2010\Projects\Programming Assignment 4\Programming Assignment 4\Debug\link-cvtres.read.1.tlog
C:\Users\Thanh\documents\visual studio 2010\Projects\Programming Assignment 4\Programming Assignment 4\Debug\link-cvtres.write.1.tlog
C:\Users\Thanh\documents\visual studio 2010\Projects\Programming Assignment 4\Programming Assignment 4\Debug\mt.command.1.tlog
C:\Users\Thanh\documents\visual studio 2010\Projects\Programming Assignment 4\Programming Assignment 4\Debug\mt.read.1.tlog
C:\Users\Thanh\documents\visual studio 2010\Projects\Programming Assignment 4\Programming Assignment 4\Debug\mt.write.1.tlog
C:\USERS\THANH\DOCUMENTS\VISUAL STUDIO 2010\PROJECTS\PROGRAMMING ASSIGNMENT 4\PROGRAMMING ASSIGNMENT 4\DEBUG\PROGRAMMING ASSIGNMENT 4.EXE.EMBED.MANIFEST
C:\USERS\THANH\DOCUMENTS\VISUAL STUDIO 2010\PROJECTS\PROGRAMMING ASSIGNMENT 4\PROGRAMMING ASSIGNMENT 4\DEBUG\PROGRAMMING ASSIGNMENT 4.EXE.EMBED.MANIFEST.RES
C:\USERS\THANH\DOCUMENTS\VISUAL STUDIO 2010\PROJECTS\PROGRAMMING ASSIGNMENT 4\PROGRAMMING ASSIGNMENT 4\DEBUG\PROGRAMMING ASSIGNMENT 4.EXE.INTERMEDIATE.MANIFEST
C:\USERS\THANH\DOCUMENTS\VISUAL STUDIO 2010\PROJECTS\PROGRAMMING ASSIGNMENT 4\PROGRAMMING ASSIGNMENT 4\DEBUG\PROGRAMMING ASSIGNMENT 4.OBJ
C:\Users\Thanh\documents\visual studio 2010\Projects\Programming Assignment 4\Programming Assignment 4\Debug\Programming Assignment 4.vcxprojResolveAssemblyReference.cache
C:\Users\Thanh\documents\visual studio 2010\Projects\Programming Assignment 4\Programming Assignment 4\Debug\Programming Assignment 4.write.1.tlog
C:\Users\Thanh\documents\visual studio 2010\Projects\Programming Assignment 4\Programming Assignment 4\Debug\Programming Assignment 4_manifest.rc
C:\Users\Thanh\documents\visual studio 2010\Projects\Programming Assignment 4\Programming Assignment 4\Debug\rc.command.1.tlog
C:\Users\Thanh\documents\visual studio 2010\Projects\Programming Assignment 4\Programming Assignment 4\Debug\rc.read.1.tlog
C:\Users\Thanh\documents\visual studio 2010\Projects\Programming Assignment 4\Programming Assignment 4\Debug\rc.write.1.tlog
C:\USERS\THANH\DOCUMENTS\VISUAL STUDIO 2010\PROJECTS\PROGRAMMING ASSIGNMENT 4\PROGRAMMING ASSIGNMENT 4\DEBUG\RENTEDVIDEO.OBJ
C:\Users\Thanh\documents\visual studio 2010\Projects\Programming Assignment 4\Programming Assignment 4\Debug\vc100.idb
C:\USERS\THANH\DOCUMENTS\VISUAL STUDIO 2010\PROJECTS\PROGRAMMING ASSIGNMENT 4\PROGRAMMING ASSIGNMENT 4\DEBUG\VC100.PDB
C:\USERS\THANH\DOCUMENTS\VISUAL STUDIO 2010\PROJECTS\PROGRAMMING ASSIGNMENT 4\PROGRAMMING ASSIGNMENT 4\DEBUG\VIDEO.OBJ
C:\USERS\THANH\DOCUMENTS\VISUAL STUDIO 2010\PROJECTS\PROGRAMMING ASSIGNMENT 4\PROGRAMMING ASSIGNMENT 4\DEBUG\VIDEOSTORE.OBJ
C:\USERS\THANH\DOCUMENTS\VISUAL STUDIO 2010\PROJECTS\PROGRAMMING ASSIGNMENT 4\PROGRAMMING ASSIGNMENT 4\DEBUG\VIEW.OBJ
